#
# There is insufficient memory for the Java Runtime Environment to continue.
# Native memory allocation (malloc) failed to allocate 32784 bytes for Chunk::new
# Possible reasons:
#   The system is out of physical RAM or swap space
#   In 32 bit mode, the process size limit was hit
# Possible solutions:
#   Reduce memory load on the system
#   Increase physical memory or swap space
#   Check if swap backing store is full
#   Use 64 bit Java on a 64 bit OS
#   Decrease Java heap size (-Xmx/-Xms)
#   Decrease number of Java threads
#   Decrease Java thread stack sizes (-Xss)
#   Set larger code cache with -XX:ReservedCodeCacheSize=
# This output file may be truncated or incomplete.
#
#  Out of Memory Error (allocation.cpp:390), pid=10512, tid=0x00000000000014f0
#
# JRE version: Java(TM) SE Runtime Environment (8.0_181-b13) (build 1.8.0_181-b13)
# Java VM: Java HotSpot(TM) 64-Bit Server VM (25.181-b13 mixed mode windows-amd64 compressed oops)
# Failed to write core dump. Minidumps are not enabled by default on client versions of Windows
#

---------------  T H R E A D  ---------------

Current thread (0x00000000133ce000):  JavaThread "C2 CompilerThread0" daemon [_thread_in_native, id=5360, stack(0x0000000014a50000,0x0000000014b50000)]

Stack: [0x0000000014a50000,0x0000000014b50000]
[error occurred during error reporting (printing stack bounds), id 0xc0000005]

Native frames: (J=compiled Java code, j=interpreted, Vv=VM code, C=native code)


Current CompileTask:
C2:    544  349  s!   4       sun.misc.URLClassPath::getLoader (243 bytes)


---------------  P R O C E S S  ---------------

Java Threads: ( => current thread )
  0x000000001342d800 JavaThread "Service Thread" daemon [_thread_blocked, id=13696, stack(0x0000000015150000,0x0000000015250000)]
  0x00000000133db800 JavaThread "C1 CompilerThread2" daemon [_thread_blocked, id=18496, stack(0x0000000014c50000,0x0000000014d50000)]
  0x00000000133d6000 JavaThread "C2 CompilerThread1" daemon [_thread_in_native, id=9920, stack(0x0000000014b50000,0x0000000014c50000)]
=>0x00000000133ce000 JavaThread "C2 CompilerThread0" daemon [_thread_in_native, id=5360, stack(0x0000000014a50000,0x0000000014b50000)]
  0x00000000133cc000 JavaThread "Attach Listener" daemon [_thread_blocked, id=3080, stack(0x0000000014950000,0x0000000014a50000)]
  0x00000000133cb000 JavaThread "Signal Dispatcher" daemon [_thread_blocked, id=18164, stack(0x0000000014850000,0x0000000014950000)]
  0x00000000133ba800 JavaThread "Finalizer" daemon [_thread_blocked, id=1972, stack(0x0000000014640000,0x0000000014740000)]
  0x0000000003002800 JavaThread "Reference Handler" daemon [_thread_blocked, id=3900, stack(0x0000000014540000,0x0000000014640000)]
  0x000000000178e800 JavaThread "main" [_thread_in_vm, id=5976, stack(0x0000000002dd0000,0x0000000002ed0000)]

Other Threads:
  0x0000000013398000 VMThread [stack: 0x0000000014440000,0x0000000014540000] [id=20400]
  0x0000000014d8e000 WatcherThread [stack: 0x0000000015250000,0x0000000015350000] [id=17032]

VM state:not at safepoint (normal execution)

VM Mutex/Monitor currently owned by a thread: None

Heap:
 PSYoungGen      total 18944K, used 11492K [0x00000000feb00000, 0x0000000100000000, 0x0000000100000000)
  eden space 16384K, 70% used [0x00000000feb00000,0x00000000ff639200,0x00000000ffb00000)
  from space 2560K, 0% used [0x00000000ffd80000,0x00000000ffd80000,0x0000000100000000)
  to   space 2560K, 0% used [0x00000000ffb00000,0x00000000ffb00000,0x00000000ffd80000)
 ParOldGen       total 44032K, used 0K [0x00000000fc000000, 0x00000000feb00000, 0x00000000feb00000)
  object space 44032K, 0% used [0x00000000fc000000,0x00000000fc000000,0x00000000feb00000)
 Metaspace       used 4975K, capacity 5424K, committed 5504K, reserved 1056768K
  class space    used 601K, capacity 640K, committed 640K, reserved 1048576K

Card table byte_map: [0x00000000123d0000,0x0000000012400000] byte_map_base: 0x0000000011bf0000

Marking Bits: (ParMarkBitMap*) 0x0000000075902d00
 Begin Bits: [0x0000000012800000, 0x0000000012900000)
 End Bits:   [0x0000000012900000, 0x0000000012a00000)

Polling page: 0x0000000001100000

CodeCache: size=245760Kb used=1860Kb max_used=1877Kb free=243899Kb
 bounds [0x0000000003010000, 0x0000000003280000, 0x0000000012010000]
 total_blobs=620 nmethods=352 adapters=182
 compilation: enabled

Compilation events (10 events):
Event: 0.497 Thread 0x00000000133db800  348       3       java.lang.ClassNotFoundException::<init> (7 bytes)
Event: 0.497 Thread 0x00000000133db800 nmethod 348 0x00000000031dd210 code [0x00000000031dd380, 0x00000000031dd5c8]
Event: 0.499 Thread 0x00000000133ce000  349  s!   4       sun.misc.URLClassPath::getLoader (243 bytes)
Event: 0.500 Thread 0x00000000133d6000  350  s    4       sun.misc.URLClassPath::getNextLoader (88 bytes)
Event: 0.501 Thread 0x00000000133db800  351       3       java.util.zip.ZipEntry::<init> (146 bytes)
Event: 0.501 Thread 0x00000000133db800 nmethod 351 0x00000000031dd6d0 code [0x00000000031dd860, 0x00000000031ddc88]
Event: 0.503 Thread 0x00000000133db800  353       3       java.util.LinkedList$Node::<init> (20 bytes)
Event: 0.504 Thread 0x00000000133db800 nmethod 353 0x00000000031dde10 code [0x00000000031ddf60, 0x00000000031de150]
Event: 0.504 Thread 0x00000000133db800  354       3       java.util.jar.JarFile::maybeInstantiateVerifier (96 bytes)
Event: 0.505 Thread 0x00000000133db800 nmethod 354 0x00000000031de210 code [0x00000000031de440, 0x00000000031df0c8]

GC Heap History (0 events):
No events

Deoptimization events (1 events):
Event: 0.399 Thread 0x000000000178e800 Uncommon trap: reason=unstable_if action=reinterpret pc=0x000000000319e078 method=java.lang.String.startsWith(Ljava/lang/String;I)Z @ 25

Classes redefined (0 events):
No events

Internal exceptions (6 events):
Event: 0.039 Thread 0x000000000178e800 Exception <a 'java/lang/NoSuchMethodError': Method sun.misc.Unsafe.defineClass(Ljava/lang/String;[BII)Ljava/lang/Class; name or signature does not match> (0x00000000feb07cb0) thrown at [C:\re\workspace\8-2-build-windows-amd64-cygwin\jdk8u181\11358\hotspot
Event: 0.039 Thread 0x000000000178e800 Exception <a 'java/lang/NoSuchMethodError': Method sun.misc.Unsafe.prefetchRead(Ljava/lang/Object;J)V name or signature does not match> (0x00000000feb07f98) thrown at [C:\re\workspace\8-2-build-windows-amd64-cygwin\jdk8u181\11358\hotspot\src\share\vm\prim
Event: 0.358 Thread 0x000000000178e800 Exception <a 'java/security/PrivilegedActionException'> (0x00000000ff1c6030) thrown at [C:\re\workspace\8-2-build-windows-amd64-cygwin\jdk8u181\11358\hotspot\src\share\vm\prims\jvm.cpp, line 1435]
Event: 0.358 Thread 0x000000000178e800 Exception <a 'java/security/PrivilegedActionException'> (0x00000000ff1c6240) thrown at [C:\re\workspace\8-2-build-windows-amd64-cygwin\jdk8u181\11358\hotspot\src\share\vm\prims\jvm.cpp, line 1435]
Event: 0.359 Thread 0x000000000178e800 Exception <a 'java/security/PrivilegedActionException'> (0x00000000ff1ca150) thrown at [C:\re\workspace\8-2-build-windows-amd64-cygwin\jdk8u181\11358\hotspot\src\share\vm\prims\jvm.cpp, line 1435]
Event: 0.359 Thread 0x000000000178e800 Exception <a 'java/security/PrivilegedActionException'> (0x00000000ff1ca360) thrown at [C:\re\workspace\8-2-build-windows-amd64-cygwin\jdk8u181\11358\hotspot\src\share\vm\prims\jvm.cpp, line 1435]

Events (10 events):
Event: 0.502 loading class org/gradle/internal/logging/sink/OutputEventListenerManager
Event: 0.502 loading class org/gradle/internal/logging/sink/OutputEventListenerManager done
Event: 0.503 loading class org/gradle/internal/logging/services/DefaultLoggingManagerFactory
Event: 0.503 loading class org/gradle/internal/logging/services/DefaultLoggingManagerFactory done
Event: 0.503 loading class java/util/LinkedList$ListItr
Event: 0.503 loading class java/util/LinkedList$ListItr done
Event: 0.504 loading class org/gradle/internal/service/ReflectionBasedServiceMethod
Event: 0.504 loading class org/gradle/internal/service/ReflectionBasedServiceMethod done
Event: 0.504 loading class org/gradle/internal/service/AbstractServiceMethod
Event: 0.504 loading class org/gradle/internal/service/AbstractServiceMethod done


Dynamic libraries:
0x00007ff678150000 - 0x00007ff678187000 	C:\Program Files\Java\jdk1.8.0_181\bin\java.exe
0x00007ff928800000 - 0x00007ff9289f0000 	C:\WINDOWS\SYSTEM32\ntdll.dll
0x00007ff926a60000 - 0x00007ff926b12000 	C:\WINDOWS\System32\KERNEL32.DLL
0x00007ff925790000 - 0x00007ff925a33000 	C:\WINDOWS\System32\KERNELBASE.dll
0x00007ff9278b0000 - 0x00007ff927953000 	C:\WINDOWS\System32\ADVAPI32.dll
0x00007ff928250000 - 0x00007ff9282ee000 	C:\WINDOWS\System32\msvcrt.dll
0x00007ff927810000 - 0x00007ff9278a7000 	C:\WINDOWS\System32\sechost.dll
0x00007ff927960000 - 0x00007ff927a80000 	C:\WINDOWS\System32\RPCRT4.dll
0x00007ff9282f0000 - 0x00007ff928484000 	C:\WINDOWS\System32\USER32.dll
0x00007ff926880000 - 0x00007ff9268a1000 	C:\WINDOWS\System32\win32u.dll
0x00007ff928560000 - 0x00007ff928586000 	C:\WINDOWS\System32\GDI32.dll
0x00007ff926690000 - 0x00007ff926824000 	C:\WINDOWS\System32\gdi32full.dll
0x00007ff925dd0000 - 0x00007ff925e6e000 	C:\WINDOWS\System32\msvcp_win.dll
0x00007ff925cd0000 - 0x00007ff925dca000 	C:\WINDOWS\System32\ucrtbase.dll
0x00007ff91c490000 - 0x00007ff91c715000 	C:\WINDOWS\WinSxS\amd64_microsoft.windows.common-controls_6595b64144ccf1df_6.0.18362.476_none_e6c4b11b130f2595\COMCTL32.dll
0x00007ff9274d0000 - 0x00007ff927806000 	C:\WINDOWS\System32\combase.dll
0x00007ff925e90000 - 0x00007ff925f10000 	C:\WINDOWS\System32\bcryptPrimitives.dll
0x00007ff928610000 - 0x00007ff92863e000 	C:\WINDOWS\System32\IMM32.DLL
0x00000000507e0000 - 0x00000000508b2000 	C:\Program Files\Java\jdk1.8.0_181\jre\bin\msvcr100.dll
0x00000000750e0000 - 0x0000000075982000 	C:\Program Files\Java\jdk1.8.0_181\jre\bin\server\jvm.dll
0x00007ff928590000 - 0x00007ff928598000 	C:\WINDOWS\System32\PSAPI.DLL
0x00007ff922900000 - 0x00007ff922924000 	C:\WINDOWS\SYSTEM32\WINMM.dll
0x00007ff920850000 - 0x00007ff92085a000 	C:\WINDOWS\SYSTEM32\VERSION.dll
0x00007ff923180000 - 0x00007ff923189000 	C:\WINDOWS\SYSTEM32\WSOCK32.dll
0x00007ff922840000 - 0x00007ff92286d000 	C:\WINDOWS\SYSTEM32\WINMMBASE.dll
0x00007ff9285a0000 - 0x00007ff92860f000 	C:\WINDOWS\System32\WS2_32.dll
0x00007ff926830000 - 0x00007ff92687a000 	C:\WINDOWS\System32\cfgmgr32.dll
0x0000000051e40000 - 0x0000000051e4f000 	C:\Program Files\Java\jdk1.8.0_181\jre\bin\verify.dll
0x0000000051e10000 - 0x0000000051e39000 	C:\Program Files\Java\jdk1.8.0_181\jre\bin\java.dll
0x0000000051df0000 - 0x0000000051e06000 	C:\Program Files\Java\jdk1.8.0_181\jre\bin\zip.dll
0x00007ff926c00000 - 0x00007ff9272e5000 	C:\WINDOWS\System32\SHELL32.dll
0x00007ff928660000 - 0x00007ff928709000 	C:\WINDOWS\System32\shcore.dll
0x00007ff925f10000 - 0x00007ff92668e000 	C:\WINDOWS\System32\windows.storage.dll
0x00007ff925770000 - 0x00007ff92578f000 	C:\WINDOWS\System32\profapi.dll
0x00007ff925720000 - 0x00007ff92576a000 	C:\WINDOWS\System32\powrprof.dll
0x00007ff9256d0000 - 0x00007ff9256e0000 	C:\WINDOWS\System32\UMPDC.dll
0x00007ff926980000 - 0x00007ff9269d2000 	C:\WINDOWS\System32\shlwapi.dll
0x00007ff9256e0000 - 0x00007ff9256f1000 	C:\WINDOWS\System32\kernel.appcore.dll
0x00007ff925e70000 - 0x00007ff925e87000 	C:\WINDOWS\System32\cryptsp.dll
0x0000000051dd0000 - 0x0000000051dea000 	C:\Program Files\Java\jdk1.8.0_181\jre\bin\net.dll
0x00007ff924880000 - 0x00007ff9248e7000 	C:\WINDOWS\system32\mswsock.dll
0x0000000050a50000 - 0x0000000050a61000 	C:\Program Files\Java\jdk1.8.0_181\jre\bin\nio.dll

VM Arguments:
jvm_args: -Xmx64m -Xms64m -Dorg.gradle.appname=gradlew 
java_command: org.gradle.wrapper.GradleWrapperMain clean
java_class_path (initial): D:\WithPen\pen\android\\gradle\wrapper\gradle-wrapper.jar
Launcher Type: SUN_STANDARD

Environment Variables:
JAVA_HOME=C:\Program Files\Java\jdk1.8.0_181
CLASSPATH=D:\WithPen\pen\android\\gradle\wrapper\gradle-wrapper.jar
PATH=C:\Python27\;C:\Python27\Scripts;C:\Program Files (x86)\Common Files\Oracle\Java\javapath;C:\WINDOWS\system32;C:\WINDOWS;C:\WINDOWS\System32\Wbem;C:\WINDOWS\System32\WindowsPowerShell\v1.0\;C:\Program Files\Git\cmd;C:\WINDOWS\System32\OpenSSH\;C:\WINDOWS\system32\config\systemprofile\.dnx\bin;C:\Program Files\Microsoft DNX\Dnvm\;C:\Program Files\Microsoft SQL Server\130\Tools\Binn\;C:\ProgramData\chocolatey\bin;C:\Program Files\Java\jdk1.8.0_181\bin;D:\Android\Sdk\platform-tools;C:\Program Files\nodejs\;C:\Users\mostafa\AppData\Local\Microsoft\WindowsApps;D:\Android\Sdk\platform-tools;C:\Users\mostafa\AppData\Local\Programs\Microsoft VS Code\bin;C:\Users\mostafa\AppData\Roaming\npm
USERNAME=mostafa
OS=Windows_NT
PROCESSOR_IDENTIFIER=Intel64 Family 6 Model 26 Stepping 5, GenuineIntel



---------------  S Y S T E M  ---------------

OS: Windows 10.0 , 64 bit Build 18362 (10.0.18362.329)

CPU:total 4 (initial active 4) (4 cores per cpu, 2 threads per core) family 6 model 26 stepping 5, cmov, cx8, fxsr, mmx, sse, sse2, sse3, ssse3, sse4.1, sse4.2, popcnt, ht, tsc, tscinvbit, tscinv

Memory: 4k page, physical 14662920k(3975496k free), swap 37340520k(7564k free)

vm_info: Java HotSpot(TM) 64-Bit Server VM (25.181-b13) for windows-amd64 JRE (1.8.0_181-b13), built on Jul  7 2018 04:01:33 by "java_re" with MS VC++ 10.0 (VS2010)

time: Fri Dec 13 00:25:06 2019
elapsed time: 0 seconds (0d 0h 0m 0s)

